# JRE version: OpenJDK Runtime Environment (11.0.11+9) (build 11.0.11+9-b60-7590822)
# Java VM: OpenJDK 64-Bit Server VM (11.0.11+9-b60-7590822, mixed mode, tiered, compressed oops, g1 gc, windows-amd64)
Heap:
 garbage-first heap   total 270336K, used 130408K [0x0000000080000000, 0x0000000100000000)
  region size 1024K, 23 young (23552K), 11 survivors (11264K)
 Metaspace       used 108161K, capacity 111133K, committed 111292K, reserved 1146880K
  class space    used 13891K, capacity 14975K, committed 15052K, reserved 1048576K
GC Heap History (20 events):
Event: 7.138 GC heap before
{Heap before GC invocations=13 (full 0):
 garbage-first heap   total 187392K, used 141432K [0x0000000080000000, 0x0000000100000000)
  region size 1024K, 102 young (104448K), 8 survivors (8192K)
 Metaspace       used 48473K, capacity 49762K, committed 49812K, reserved 1093632K
  class space    used 6229K, capacity 6718K, committed 6732K, reserved 1048576K
}
Event: 7.152 GC heap after
{Heap after GC invocations=14 (full 0):
 garbage-first heap   total 187392K, used 49151K [0x0000000080000000, 0x0000000100000000)
  region size 1024K, 8 young (8192K), 8 survivors (8192K)
 Metaspace       used 48473K, capacity 49762K, committed 49812K, reserved 1093632K
  class space    used 6229K, capacity 6718K, committed 6732K, reserved 1048576K
}
Event: 8.877 GC heap before
{Heap before GC invocations=14 (full 0):
 garbage-first heap   total 187392K, used 145407K [0x0000000080000000, 0x0000000100000000)
  region size 1024K, 97 young (99328K), 8 survivors (8192K)
 Metaspace       used 52473K, capacity 53897K, committed 54164K, reserved 1095680K
  class space    used 6654K, capacity 7195K, committed 7244K, reserved 1048576K
}
Event: 8.892 GC heap after
{Heap after GC invocations=15 (full 0):
 garbage-first heap   total 187392K, used 58391K [0x0000000080000000, 0x0000000100000000)
  region size 1024K, 10 young (10240K), 10 survivors (10240K)
 Metaspace       used 52473K, capacity 53897K, committed 54164K, reserved 1095680K
  class space    used 6654K, capacity 7195K, committed 7244K, reserved 1048576K
}
Event: 10.411 GC heap before
{Heap before GC invocations=15 (full 0):
 garbage-first heap   total 187392K, used 146455K [0x0000000080000000, 0x0000000100000000)
  region size 1024K, 94 young (96256K), 10 survivors (10240K)
 Metaspace       used 56635K, capacity 58313K, committed 58388K, reserved 1099776K
  class space    used 7228K, capacity 7826K, committed 7884K, reserved 1048576K
}
Event: 10.429 GC heap after
{Heap after GC invocations=16 (full 0):
 garbage-first heap   total 225280K, used 68357K [0x0000000080000000, 0x0000000100000000)
  region size 1024K, 12 young (12288K), 12 survivors (12288K)
 Metaspace       used 56635K, capacity 58313K, committed 58388K, reserved 1099776K
  class space    used 7228K, capacity 7826K, committed 7884K, reserved 1048576K
}
Event: 11.972 GC heap before
{Heap before GC invocations=16 (full 0):
 garbage-first heap   total 225280K, used 174853K [0x0000000080000000, 0x0000000100000000)
  region size 1024K, 115 young (117760K), 12 survivors (12288K)
 Metaspace       used 68385K, capacity 70326K, committed 70420K, reserved 1110016K
  class space    used 8679K, capacity 9377K, committed 9420K, reserved 1048576K
}
Event: 11.990 GC heap after
{Heap after GC invocations=17 (full 0):
 garbage-first heap   total 225280K, used 77389K [0x0000000080000000, 0x0000000100000000)
  region size 1024K, 14 young (14336K), 14 survivors (14336K)
 Metaspace       used 68385K, capacity 70326K, committed 70420K, reserved 1110016K
  class space    used 8679K, capacity 9377K, committed 9420K, reserved 1048576K
}
Event: 12.062 GC heap before
{Heap before GC invocations=17 (full 0):
 garbage-first heap   total 225280K, used 81485K [0x0000000080000000, 0x0000000100000000)
  region size 1024K, 19 young (19456K), 14 survivors (14336K)
 Metaspace       used 69015K, capacity 70911K, committed 71060K, reserved 1112064K
  class space    used 8758K, capacity 9443K, committed 9548K, reserved 1048576K
}
Event: 12.077 GC heap after
{Heap after GC invocations=18 (full 0):
 garbage-first heap   total 225280K, used 78698K [0x0000000080000000, 0x0000000100000000)
  region size 1024K, 8 young (8192K), 8 survivors (8192K)
 Metaspace       used 69015K, capacity 70911K, committed 71060K, reserved 1112064K
  class space    used 8758K, capacity 9443K, committed 9548K, reserved 1048576K
}
Event: 13.394 GC heap before
{Heap before GC invocations=19 (full 0):
 garbage-first heap   total 225280K, used 182122K [0x0000000080000000, 0x0000000100000000)
  region size 1024K, 109 young (111616K), 8 survivors (8192K)
 Metaspace       used 76419K, capacity 78457K, committed 78780K, reserved 1118208K
  class space    used 9877K, capacity 10621K, committed 10700K, reserved 1048576K
}
Event: 13.414 GC heap after
{Heap after GC invocations=20 (full 0):
 garbage-first heap   total 225280K, used 84842K [0x0000000080000000, 0x0000000100000000)
  region size 1024K, 14 young (14336K), 14 survivors (14336K)
 Metaspace       used 76419K, capacity 78457K, committed 78780K, reserved 1118208K
  class space    used 9877K, capacity 10621K, committed 10700K, reserved 1048576K
}
Event: 15.311 GC heap before
{Heap before GC invocations=21 (full 0):
 garbage-first heap   total 225280K, used 193386K [0x0000000080000000, 0x0000000100000000)
  region size 1024K, 111 young (113664K), 14 survivors (14336K)
 Metaspace       used 84511K, capacity 86797K, committed 86972K, reserved 1124352K
  class space    used 10864K, capacity 11655K, committed 11724K, reserved 1048576K
}
Event: 15.330 GC heap after
{Heap after GC invocations=22 (full 0):
 garbage-first heap   total 225280K, used 101692K [0x0000000080000000, 0x0000000100000000)
  region size 1024K, 14 young (14336K), 14 survivors (14336K)
 Metaspace       used 84511K, capacity 86797K, committed 86972K, reserved 1124352K
  class space    used 10864K, capacity 11655K, committed 11724K, reserved 1048576K
}
Event: 18.002 GC heap before
{Heap before GC invocations=22 (full 0):
 garbage-first heap   total 225280K, used 183612K [0x0000000080000000, 0x0000000100000000)
  region size 1024K, 94 young (96256K), 14 survivors (14336K)
 Metaspace       used 94321K, capacity 96759K, committed 96956K, reserved 1134592K
  class space    used 12125K, capacity 12984K, committed 13004K, reserved 1048576K
}
Event: 18.026 GC heap after
{Heap after GC invocations=23 (full 0):
 garbage-first heap   total 270336K, used 109308K [0x0000000080000000, 0x0000000100000000)
  region size 1024K, 7 young (7168K), 7 survivors (7168K)
 Metaspace       used 94321K, capacity 96759K, committed 96956K, reserved 1134592K
  class space    used 12125K, capacity 12984K, committed 13004K, reserved 1048576K
}
Event: 20.609 GC heap before
{Heap before GC invocations=23 (full 0):
 garbage-first heap   total 270336K, used 204540K [0x0000000080000000, 0x0000000100000000)
  region size 1024K, 101 young (103424K), 7 survivors (7168K)
 Metaspace       used 100465K, capacity 103086K, committed 103228K, reserved 1138688K
  class space    used 12893K, capacity 13836K, committed 13900K, reserved 1048576K
}
Event: 20.624 GC heap after
{Heap after GC invocations=24 (full 0):
 garbage-first heap   total 270336K, used 113782K [0x0000000080000000, 0x0000000100000000)
  region size 1024K, 12 young (12288K), 12 survivors (12288K)
 Metaspace       used 100465K, capacity 103086K, committed 103228K, reserved 1138688K
  class space    used 12893K, capacity 13836K, committed 13900K, reserved 1048576K
}
Event: 23.352 GC heap before
{Heap before GC invocations=24 (full 0):
 garbage-first heap   total 270336K, used 210038K [0x0000000080000000, 0x0000000100000000)
  region size 1024K, 106 young (108544K), 12 survivors (12288K)
 Metaspace       used 106698K, capacity 109545K, committed 109756K, reserved 1144832K
  class space    used 13698K, capacity 14766K, committed 14796K, reserved 1048576K
}
Event: 23.371 GC heap after
{Heap after GC invocations=25 (full 0):
 garbage-first heap   total 270336K, used 119144K [0x0000000080000000, 0x0000000100000000)
  region size 1024K, 11 young (11264K), 11 survivors (11264K)
 Metaspace       used 106698K, capacity 109545K, committed 109756K, reserved 1144832K
  class space    used 13698K, capacity 14766K, committed 14796K, reserved 1048576K
}

