# JRE version: OpenJDK Runtime Environment (11.0.11+9) (build 11.0.11+9-b60-7590822)
# Java VM: OpenJDK 64-Bit Server VM (11.0.11+9-b60-7590822, mixed mode, tiered, compressed oops, g1 gc, windows-amd64)
Heap:
 garbage-first heap   total 531456K, used 215589K [0x0000000080000000, 0x0000000100000000)
  region size 1024K, 15 young (15360K), 6 survivors (6144K)
 Metaspace       used 147731K, capacity 152632K, committed 152872K, reserved 1181696K
  class space    used 18219K, capacity 20074K, committed 20172K, reserved 1048576K
GC Heap History (20 events):
Event: 1018.013 GC heap before
{Heap before GC invocations=105 (full 0):
 garbage-first heap   total 517120K, used 362481K [0x0000000080000000, 0x0000000100000000)
  region size 1024K, 191 young (195584K), 7 survivors (7168K)
 Metaspace       used 144407K, capacity 148888K, committed 149032K, reserved 1179648K
  class space    used 17933K, capacity 19621K, committed 19660K, reserved 1048576K
}
Event: 1018.025 GC heap after
{Heap after GC invocations=106 (full 0):
 garbage-first heap   total 517120K, used 175072K [0x0000000080000000, 0x0000000100000000)
  region size 1024K, 7 young (7168K), 7 survivors (7168K)
 Metaspace       used 144407K, capacity 148888K, committed 149032K, reserved 1179648K
  class space    used 17933K, capacity 19621K, committed 19660K, reserved 1048576K
}
Event: 1020.334 GC heap before
{Heap before GC invocations=107 (full 0):
 garbage-first heap   total 517120K, used 475104K [0x0000000080000000, 0x0000000100000000)
  region size 1024K, 272 young (278528K), 7 survivors (7168K)
 Metaspace       used 144687K, capacity 149113K, committed 149288K, reserved 1179648K
  class space    used 17937K, capacity 19627K, committed 19660K, reserved 1048576K
}
Event: 1020.420 GC heap after
{Heap after GC invocations=108 (full 0):
 garbage-first heap   total 531456K, used 241056K [0x0000000080000000, 0x0000000100000000)
  region size 1024K, 34 young (34816K), 34 survivors (34816K)
 Metaspace       used 144687K, capacity 149113K, committed 149288K, reserved 1179648K
  class space    used 17937K, capacity 19627K, committed 19660K, reserved 1048576K
}
Event: 1020.425 GC heap before
{Heap before GC invocations=108 (full 0):
 garbage-first heap   total 531456K, used 242080K [0x0000000080000000, 0x0000000100000000)
  region size 1024K, 35 young (35840K), 34 survivors (34816K)
 Metaspace       used 144687K, capacity 149113K, committed 149288K, reserved 1179648K
  class space    used 17937K, capacity 19627K, committed 19660K, reserved 1048576K
}
Event: 1020.491 GC heap after
{Heap after GC invocations=109 (full 0):
 garbage-first heap   total 531456K, used 235008K [0x0000000080000000, 0x0000000100000000)
  region size 1024K, 1 young (1024K), 1 survivors (1024K)
 Metaspace       used 144687K, capacity 149113K, committed 149288K, reserved 1179648K
  class space    used 17937K, capacity 19627K, committed 19660K, reserved 1048576K
}
Event: 1367.034 GC heap before
{Heap before GC invocations=109 (full 0):
 garbage-first heap   total 531456K, used 463360K [0x0000000080000000, 0x0000000100000000)
  region size 1024K, 200 young (204800K), 1 survivors (1024K)
 Metaspace       used 145075K, capacity 149500K, committed 149544K, reserved 1179648K
  class space    used 17963K, capacity 19652K, committed 19660K, reserved 1048576K
}
Event: 1367.047 GC heap after
{Heap after GC invocations=110 (full 0):
 garbage-first heap   total 531456K, used 239104K [0x0000000080000000, 0x0000000100000000)
  region size 1024K, 5 young (5120K), 5 survivors (5120K)
 Metaspace       used 145075K, capacity 149500K, committed 149544K, reserved 1179648K
  class space    used 17963K, capacity 19652K, committed 19660K, reserved 1048576K
}
Event: 1367.289 GC heap before
{Heap before GC invocations=110 (full 0):
 garbage-first heap   total 531456K, used 257536K [0x0000000080000000, 0x0000000100000000)
  region size 1024K, 24 young (24576K), 5 survivors (5120K)
 Metaspace       used 145178K, capacity 149590K, committed 149800K, reserved 1179648K
  class space    used 17966K, capacity 19656K, committed 19660K, reserved 1048576K
}
Event: 1367.301 GC heap after
{Heap after GC invocations=111 (full 0):
 garbage-first heap   total 531456K, used 241408K [0x0000000080000000, 0x0000000100000000)
  region size 1024K, 8 young (8192K), 8 survivors (8192K)
 Metaspace       used 145178K, capacity 149590K, committed 149800K, reserved 1179648K
  class space    used 17966K, capacity 19656K, committed 19660K, reserved 1048576K
}
Event: 1370.864 GC heap before
{Heap before GC invocations=112 (full 0):
 garbage-first heap   total 531456K, used 387328K [0x0000000080000000, 0x0000000100000000)
  region size 1024K, 152 young (155648K), 8 survivors (8192K)
 Metaspace       used 145308K, capacity 149802K, committed 150184K, reserved 1179648K
  class space    used 17968K, capacity 19661K, committed 19788K, reserved 1048576K
}
Event: 1370.874 GC heap after
{Heap after GC invocations=113 (full 0):
 garbage-first heap   total 531456K, used 215994K [0x0000000080000000, 0x0000000100000000)
  region size 1024K, 8 young (8192K), 8 survivors (8192K)
 Metaspace       used 145308K, capacity 149802K, committed 150184K, reserved 1179648K
  class space    used 17968K, capacity 19661K, committed 19788K, reserved 1048576K
}
Event: 1370.925 GC heap before
{Heap before GC invocations=113 (full 0):
 garbage-first heap   total 531456K, used 232378K [0x0000000080000000, 0x0000000100000000)
  region size 1024K, 25 young (25600K), 8 survivors (8192K)
 Metaspace       used 145314K, capacity 149802K, committed 150184K, reserved 1179648K
  class space    used 17968K, capacity 19661K, committed 19788K, reserved 1048576K
}
Event: 1370.945 GC heap after
{Heap after GC invocations=114 (full 0):
 garbage-first heap   total 531456K, used 201438K [0x0000000080000000, 0x0000000100000000)
  region size 1024K, 4 young (4096K), 4 survivors (4096K)
 Metaspace       used 145314K, capacity 149802K, committed 150184K, reserved 1179648K
  class space    used 17968K, capacity 19661K, committed 19788K, reserved 1048576K
}
Event: 1452.004 GC heap before
{Heap before GC invocations=114 (full 0):
 garbage-first heap   total 531456K, used 420574K [0x0000000080000000, 0x0000000100000000)
  region size 1024K, 185 young (189440K), 4 survivors (4096K)
 Metaspace       used 145840K, capacity 150308K, committed 150440K, reserved 1179648K
  class space    used 18009K, capacity 19735K, committed 19788K, reserved 1048576K
}
Event: 1452.018 GC heap after
{Heap after GC invocations=115 (full 0):
 garbage-first heap   total 531456K, used 201891K [0x0000000080000000, 0x0000000100000000)
  region size 1024K, 5 young (5120K), 5 survivors (5120K)
 Metaspace       used 145840K, capacity 150308K, committed 150440K, reserved 1179648K
  class space    used 18009K, capacity 19735K, committed 19788K, reserved 1048576K
}
Event: 1974.973 GC heap before
{Heap before GC invocations=115 (full 0):
 garbage-first heap   total 531456K, used 417955K [0x0000000080000000, 0x0000000100000000)
  region size 1024K, 196 young (200704K), 5 survivors (5120K)
 Metaspace       used 147130K, capacity 152036K, committed 152360K, reserved 1181696K
  class space    used 18184K, capacity 20057K, committed 20172K, reserved 1048576K
}
Event: 1974.988 GC heap after
{Heap after GC invocations=116 (full 0):
 garbage-first heap   total 531456K, used 211883K [0x0000000080000000, 0x0000000100000000)
  region size 1024K, 11 young (11264K), 11 survivors (11264K)
 Metaspace       used 147130K, capacity 152036K, committed 152360K, reserved 1181696K
  class space    used 18184K, capacity 20057K, committed 20172K, reserved 1048576K
}
Event: 3053.462 GC heap before
{Heap before GC invocations=116 (full 0):
 garbage-first heap   total 531456K, used 444331K [0x0000000080000000, 0x0000000100000000)
  region size 1024K, 203 young (207872K), 11 survivors (11264K)
 Metaspace       used 147691K, capacity 152630K, committed 152872K, reserved 1181696K
  class space    used 18219K, capacity 20074K, committed 20172K, reserved 1048576K
}
Event: 3053.477 GC heap after
{Heap after GC invocations=117 (full 0):
 garbage-first heap   total 531456K, used 207397K [0x0000000080000000, 0x0000000100000000)
  region size 1024K, 6 young (6144K), 6 survivors (6144K)
 Metaspace       used 147691K, capacity 152630K, committed 152872K, reserved 1181696K
  class space    used 18219K, capacity 20074K, committed 20172K, reserved 1048576K
}

